<?xml version="1.0"?>
<testsuite name="PhantomJS 2.1.1 (Windows 8 0.0.0)" package="" timestamp="2017-07-28T19:25:16" id="0" hostname="PatrickDuffy" tests="51" errors="0" failures="0" time="6.361">
  <properties>
    <property name="browser.fullName" value="Mozilla/5.0 (Windows NT 6.2; WOW64) AppleWebKit/538.1 (KHTML, like Gecko) PhantomJS/2.1.1 Safari/538.1"/>
  </properties>
  <testcase name="HttpCacheService getCacheData should return cached data if exists" time="0.036" classname="HttpCacheService"/>
  <testcase name="HttpCacheService getCacheData should return cached data with url parameters if exists" time="0.04" classname="HttpCacheService"/>
  <testcase name="HttpCacheService getHttpCacheEntry should return null if no cache" time="0.04" classname="HttpCacheService"/>
  <testcase name="HttpCacheService getHttpCacheEntry should return cached data date  if exists" time="0.043" classname="HttpCacheService"/>
  <testcase name="HttpCacheService clearCacheData should clear existing cache data" time="0.042" classname="HttpCacheService"/>
  <testcase name="HttpCacheService clearCacheData should do nothing if no cache exists" time="0.04" classname="HttpCacheService"/>
  <testcase name="HttpCacheService cleanCache should clear all cache if no date is specified" time="0.043" classname="HttpCacheService"/>
  <testcase name="HttpCacheService cleanCache should clear existing since specified date" time="0.035" classname="HttpCacheService"/>
  <testcase name="HttpCacheService cleanCache should not affect cache entries newer than specified date" time="0.04" classname="HttpCacheService"/>
  <testcase name="HttpCacheService setPersistence should clear previous cache data when persistence value change" time="0.041" classname="HttpCacheService"/>
  <testcase name="HttpCacheService setPersistence should persist cache to local storage" time="0.038" classname="HttpCacheService"/>
  <testcase name="HttpCacheService setPersistence should persist cache to session storage" time="0.036" classname="HttpCacheService"/>
  <testcase name="HttpService request should prepend environment.serverUrl to the request url" time="0.043" classname="HttpService"/>
  <testcase name="HttpService request should prepend environment.serverUrl to the request object url property" time="0.036" classname="HttpService"/>
  <testcase name="HttpService request should go through default error handler and rethrow an error" time="0.04" classname="HttpService"/>
  <testcase name="HttpService request should cache the request" time="0.042" classname="HttpService"/>
  <testcase name="HttpService request should force request ignoring the cache" time="0.035" classname="HttpService"/>
  <testcase name="HttpService request should not cache request" time="0.035" classname="HttpService"/>
  <testcase name="HttpService request should cache the request and return a copy of the response" time="0.041" classname="HttpService"/>
  <testcase name="HttpService get should call request with GET method" time="0.043" classname="HttpService"/>
  <testcase name="HttpService post should call request with POST method and body" time="0.042" classname="HttpService"/>
  <testcase name="HttpService put should call request with PUT method and body" time="0.043" classname="HttpService"/>
  <testcase name="HttpService delete should call request with DELETE method" time="0.042" classname="HttpService"/>
  <testcase name="HttpService patch should call request with PATCH method and body" time="0.043" classname="HttpService"/>
  <testcase name="HttpService head should call request with HEAD method" time="0.043" classname="HttpService"/>
  <testcase name="HttpService options should call request with OPTIONS method" time="0.042" classname="HttpService"/>
  <testcase name="I18nService extract should not modify string" time="0.047" classname="I18nService"/>
  <testcase name="I18nService init should init with default language" time="0.044" classname="I18nService"/>
  <testcase name="I18nService init should init with save language" time="0.04" classname="I18nService"/>
  <testcase name="I18nService set language should change current language" time="0.041" classname="I18nService"/>
  <testcase name="I18nService set language should change current language to default if unsupported" time="0.035" classname="I18nService"/>
  <testcase name="I18nService get language should return current language" time="0.04" classname="I18nService"/>
  <testcase name="Logger should create an instance" time="0.001" classname="Logger"/>
  <testcase name="Logger should add a new LogOutput and receives log entries" time="0.002" classname="Logger"/>
  <testcase name="Logger should add a new LogOutput and receives only production log entries" time="0.001" classname="Logger"/>
  <testcase name="Route withShell should create routes as children of shell" time="0.04" classname="Route"/>
  <testcase name="HeaderComponent should create" time="1.059" classname="HeaderComponent"/>
  <testcase name="ShellComponent should create" time="1.071" classname="ShellComponent"/>
  <testcase name="HomeComponent should create" time="0.094" classname="HomeComponent"/>
  <testcase name="QuoteService getRandomQuote should return a random Chuck Norris quote" time="0.043" classname="QuoteService"/>
  <testcase name="QuoteService getRandomQuote should return a string in case of error" time="0.036" classname="QuoteService"/>
  <testcase name="LoaderComponent should not be visible by default" time="0.056" classname="LoaderComponent"/>
  <testcase name="LoaderComponent should be visible when app is loading" time="0.058" classname="LoaderComponent"/>
  <testcase name="LoaderComponent should not display a message by default" time="0.06" classname="LoaderComponent"/>
  <testcase name="LoaderComponent should display specified message" time="0.059" classname="LoaderComponent"/>
  <testcase name="AboutComponent should create" time="0.126" classname="AboutComponent"/>
  <testcase name="AppComponent should create the app" time="2.215" classname="AppComponent"/>
  <testcase name="HttpCacheService setCacheData should set cache data" time="0.042" classname="HttpCacheService"/>
  <testcase name="HttpCacheService setCacheData should replace existing data" time="0.034" classname="HttpCacheService"/>
  <testcase name="HttpCacheService setCacheData should set cache date correctly" time="0.035" classname="HttpCacheService"/>
  <testcase name="HttpCacheService getCacheData should return null if no cache" time="0.038" classname="HttpCacheService"/>
  <system-out>
    <![CDATA[
]]>
  </system-out>
  <system-err/>
</testsuite>